<?xml version="1.0" encoding="UTF-8"?>
<!-- Generated by org.testng.reporters.JUnitReportReporter -->
<testsuite hostname="EESHANACHARYA" failures="0" tests="1" name="testNG.Test1" time="4.138" errors="0" timestamp="2024-10-21T12:25:01 IST" skipped="0">
  <testcase classname="testNG.Test1" name="ad" time="4.138"/>
  <system-out/>
</testsuite> <!-- testNG.Test1 -->
