<?xml version="1.0" encoding="UTF-8"?>
<!-- Generated by org.testng.reporters.JUnitReportReporter -->
<testsuite hostname="EESHANACHARYA" failures="0" tests="1" name="Package.HJi" time="2.762" errors="0" timestamp="2024-10-20T10:33:18 IST" skipped="0">
  <testcase classname="Package.HJi" name="add" time="2.762"/>
  <system-out/>
</testsuite> <!-- Package.HJi -->
