<?xml version="1.0" encoding="UTF-8"?>
<!-- Generated by org.testng.reporters.JUnitReportReporter -->
<testsuite hostname="EESHANACHARYA" failures="0" tests="1" name="testNG.Test2" time="7.859" errors="0" timestamp="2024-10-21T12:25:01 IST" skipped="0">
  <testcase classname="testNG.Test2" name="ad" time="7.859"/>
  <system-out/>
</testsuite> <!-- testNG.Test2 -->
